{"/Users/dahalsabina/Desktop/ReactNativeMobile /app.d.ts": {"path":"/Users/dahalsabina/Desktop/ReactNativeMobile /app.d.ts","statementMap":{},"fnMap":{},"branchMap":{},"s":{},"f":{},"b":{}}
,"/Users/dahalsabina/Desktop/ReactNativeMobile /declarations.d.ts": {"path":"/Users/dahalsabina/Desktop/ReactNativeMobile /declarations.d.ts","statementMap":{},"fnMap":{},"branchMap":{},"s":{},"f":{},"b":{}}
,"/Users/dahalsabina/Desktop/ReactNativeMobile /tailwind.config.js": {"path":"/Users/dahalsabina/Desktop/ReactNativeMobile /tailwind.config.js","statementMap":{"0":{"start":{"line":2,"column":0},"end":{"line":10,"column":1}}},"fnMap":{},"branchMap":{},"s":{"0":0},"f":{},"b":{}}
,"/Users/dahalsabina/Desktop/ReactNativeMobile /app/_layout.tsx": {"path":"/Users/dahalsabina/Desktop/ReactNativeMobile /app/_layout.tsx","statementMap":{"0":{"start":{"line":8,"column":4},"end":{"line":19,"column":5}}},"fnMap":{"0":{"name":"RootLayout","decl":{"start":{"line":7,"column":24},"end":{"line":7,"column":34}},"loc":{"start":{"line":7,"column":36},"end":{"line":21,"column":1}},"line":7}},"branchMap":{},"s":{"0":0},"f":{"0":0},"b":{}}
,"/Users/dahalsabina/Desktop/ReactNativeMobile /app/index.tsx": {"path":"/Users/dahalsabina/Desktop/ReactNativeMobile /app/index.tsx","statementMap":{"0":{"start":{"line":18,"column":12},"end":{"line":56,"column":1}},"1":{"start":{"line":19,"column":17},"end":{"line":19,"column":28}},"2":{"start":{"line":21,"column":2},"end":{"line":55,"column":4}},"3":{"start":{"line":48,"column":23},"end":{"line":48,"column":47}},"4":{"start":{"line":58,"column":15},"end":{"line":109,"column":2}}},"fnMap":{"0":{"name":"(anonymous_0)","decl":{"start":{"line":18,"column":12},"end":{"line":18,"column":13}},"loc":{"start":{"line":18,"column":18},"end":{"line":56,"column":1}},"line":18},"1":{"name":"(anonymous_1)","decl":{"start":{"line":48,"column":17},"end":{"line":48,"column":18}},"loc":{"start":{"line":48,"column":23},"end":{"line":48,"column":47}},"line":48}},"branchMap":{},"s":{"0":1,"1":1,"2":1,"3":0,"4":1},"f":{"0":1,"1":0},"b":{},"_coverageSchema":"1a1c01bbd47fc00a2c39e90264f33305004495a9","hash":"24baa054cd11a3eb448ea8de7898abe449c63233"}
,"/Users/dahalsabina/Desktop/ReactNativeMobile /app/(tabs)/_layout.tsx": {"path":"/Users/dahalsabina/Desktop/ReactNativeMobile /app/(tabs)/_layout.tsx","statementMap":{"0":{"start":{"line":7,"column":33},"end":{"line":10,"column":1}},"1":{"start":{"line":12,"column":13},"end":{"line":70,"column":1}},"2":{"start":{"line":13,"column":18},"end":{"line":13,"column":45}},"3":{"start":{"line":15,"column":4},"end":{"line":69,"column":6}},"4":{"start":{"line":31,"column":24},"end":{"line":35,"column":26}},"5":{"start":{"line":44,"column":24},"end":{"line":44,"column":75}},"6":{"start":{"line":53,"column":24},"end":{"line":53,"column":70}},"7":{"start":{"line":64,"column":24},"end":{"line":64,"column":70}}},"fnMap":{"0":{"name":"(anonymous_0)","decl":{"start":{"line":12,"column":13},"end":{"line":12,"column":14}},"loc":{"start":{"line":12,"column":19},"end":{"line":70,"column":1}},"line":12},"1":{"name":"(anonymous_1)","decl":{"start":{"line":30,"column":32},"end":{"line":30,"column":33}},"loc":{"start":{"line":31,"column":24},"end":{"line":35,"column":26}},"line":31},"2":{"name":"(anonymous_2)","decl":{"start":{"line":43,"column":32},"end":{"line":43,"column":33}},"loc":{"start":{"line":44,"column":24},"end":{"line":44,"column":75}},"line":44},"3":{"name":"(anonymous_3)","decl":{"start":{"line":52,"column":32},"end":{"line":52,"column":33}},"loc":{"start":{"line":53,"column":24},"end":{"line":53,"column":70}},"line":53},"4":{"name":"(anonymous_4)","decl":{"start":{"line":63,"column":32},"end":{"line":63,"column":33}},"loc":{"start":{"line":64,"column":24},"end":{"line":64,"column":70}},"line":64}},"branchMap":{"0":{"loc":{"start":{"line":13,"column":18},"end":{"line":13,"column":45}},"type":"binary-expr","locations":[{"start":{"line":13,"column":18},"end":{"line":13,"column":34}},{"start":{"line":13,"column":38},"end":{"line":13,"column":45}}],"line":13}},"s":{"0":0,"1":0,"2":0,"3":0,"4":0,"5":0,"6":0,"7":0},"f":{"0":0,"1":0,"2":0,"3":0,"4":0},"b":{"0":[0,0]}}
,"/Users/dahalsabina/Desktop/ReactNativeMobile /app/(tabs)/explore.tsx": {"path":"/Users/dahalsabina/Desktop/ReactNativeMobile /app/(tabs)/explore.tsx","statementMap":{"0":{"start":{"line":30,"column":34},"end":{"line":41,"column":1}},"1":{"start":{"line":31,"column":24},"end":{"line":38,"column":4}},"2":{"start":{"line":32,"column":4},"end":{"line":37,"column":6}},"3":{"start":{"line":40,"column":2},"end":{"line":40,"column":97}},"4":{"start":{"line":44,"column":34},"end":{"line":144,"column":1}},"5":{"start":{"line":45,"column":24},"end":{"line":45,"column":26}},"6":{"start":{"line":46,"column":17},"end":{"line":46,"column":72}},"7":{"start":{"line":48,"column":94},"end":{"line":48,"column":96}},"8":{"start":{"line":50,"column":2},"end":{"line":64,"column":3}},"9":{"start":{"line":50,"column":15},"end":{"line":50,"column":16}},"10":{"start":{"line":51,"column":31},"end":{"line":54,"column":5}},"11":{"start":{"line":56,"column":31},"end":{"line":59,"column":5}},"12":{"start":{"line":61,"column":18},"end":{"line":61,"column":43}},"13":{"start":{"line":63,"column":4},"end":{"line":63,"column":53}},"14":{"start":{"line":66,"column":2},"end":{"line":135,"column":5}},"15":{"start":{"line":67,"column":4},"end":{"line":134,"column":7}},"16":{"start":{"line":68,"column":26},"end":{"line":68,"column":27}},"17":{"start":{"line":69,"column":26},"end":{"line":69,"column":27}},"18":{"start":{"line":71,"column":27},"end":{"line":71,"column":30}},"19":{"start":{"line":72,"column":29},"end":{"line":72,"column":31}},"20":{"start":{"line":73,"column":18},"end":{"line":73,"column":19}},"21":{"start":{"line":74,"column":25},"end":{"line":74,"column":26}},"22":{"start":{"line":75,"column":25},"end":{"line":75,"column":26}},"23":{"start":{"line":76,"column":25},"end":{"line":76,"column":26}},"24":{"start":{"line":77,"column":25},"end":{"line":77,"column":26}},"25":{"start":{"line":78,"column":24},"end":{"line":78,"column":25}},"26":{"start":{"line":79,"column":24},"end":{"line":79,"column":25}},"27":{"start":{"line":81,"column":6},"end":{"line":101,"column":9}},"28":{"start":{"line":82,"column":8},"end":{"line":100,"column":9}},"29":{"start":{"line":83,"column":21},"end":{"line":83,"column":71}},"30":{"start":{"line":84,"column":21},"end":{"line":84,"column":71}},"31":{"start":{"line":85,"column":27},"end":{"line":85,"column":45}},"32":{"start":{"line":87,"column":10},"end":{"line":99,"column":11}},"33":{"start":{"line":88,"column":12},"end":{"line":88,"column":55}},"34":{"start":{"line":89,"column":12},"end":{"line":89,"column":55}},"35":{"start":{"line":90,"column":12},"end":{"line":90,"column":55}},"36":{"start":{"line":91,"column":12},"end":{"line":91,"column":55}},"37":{"start":{"line":93,"column":12},"end":{"line":93,"column":20}},"38":{"start":{"line":95,"column":12},"end":{"line":98,"column":13}},"39":{"start":{"line":96,"column":14},"end":{"line":96,"column":32}},"40":{"start":{"line":97,"column":14},"end":{"line":97,"column":32}},"41":{"start":{"line":103,"column":6},"end":{"line":116,"column":7}},"42":{"start":{"line":104,"column":8},"end":{"line":104,"column":30}},"43":{"start":{"line":105,"column":8},"end":{"line":105,"column":30}},"44":{"start":{"line":106,"column":8},"end":{"line":106,"column":79}},"45":{"start":{"line":107,"column":8},"end":{"line":107,"column":79}},"46":{"start":{"line":109,"column":8},"end":{"line":109,"column":30}},"47":{"start":{"line":110,"column":8},"end":{"line":110,"column":30}},"48":{"start":{"line":111,"column":8},"end":{"line":111,"column":80}},"49":{"start":{"line":112,"column":8},"end":{"line":112,"column":80}},"50":{"start":{"line":114,"column":8},"end":{"line":114,"column":52}},"51":{"start":{"line":115,"column":8},"end":{"line":115,"column":52}},"52":{"start":{"line":118,"column":6},"end":{"line":118,"column":53}},"53":{"start":{"line":119,"column":6},"end":{"line":119,"column":53}},"54":{"start":{"line":121,"column":6},"end":{"line":123,"column":7}},"55":{"start":{"line":122,"column":8},"end":{"line":122,"column":36}},"56":{"start":{"line":124,"column":6},"end":{"line":126,"column":7}},"57":{"start":{"line":125,"column":8},"end":{"line":125,"column":36}},"58":{"start":{"line":128,"column":20},"end":{"line":128,"column":76}},"59":{"start":{"line":129,"column":23},"end":{"line":129,"column":24}},"60":{"start":{"line":130,"column":6},"end":{"line":133,"column":7}},"61":{"start":{"line":131,"column":8},"end":{"line":131,"column":75}},"62":{"start":{"line":132,"column":8},"end":{"line":132,"column":75}},"63":{"start":{"line":137,"column":2},"end":{"line":143,"column":4}},"64":{"start":{"line":140,"column":8},"end":{"line":140,"column":42}},"65":{"start":{"line":147,"column":15},"end":{"line":158,"column":2}}},"fnMap":{"0":{"name":"(anonymous_0)","decl":{"start":{"line":30,"column":34},"end":{"line":30,"column":35}},"loc":{"start":{"line":30,"column":48},"end":{"line":41,"column":1}},"line":30},"1":{"name":"(anonymous_1)","decl":{"start":{"line":31,"column":41},"end":{"line":31,"column":42}},"loc":{"start":{"line":31,"column":47},"end":{"line":38,"column":3}},"line":31},"2":{"name":"(anonymous_2)","decl":{"start":{"line":44,"column":34},"end":{"line":44,"column":35}},"loc":{"start":{"line":44,"column":40},"end":{"line":144,"column":1}},"line":44},"3":{"name":"(anonymous_3)","decl":{"start":{"line":66,"column":16},"end":{"line":66,"column":17}},"loc":{"start":{"line":66,"column":26},"end":{"line":135,"column":3}},"line":66},"4":{"name":"(anonymous_4)","decl":{"start":{"line":67,"column":20},"end":{"line":67,"column":21}},"loc":{"start":{"line":67,"column":26},"end":{"line":134,"column":5}},"line":67},"5":{"name":"(anonymous_5)","decl":{"start":{"line":81,"column":20},"end":{"line":81,"column":21}},"loc":{"start":{"line":81,"column":35},"end":{"line":101,"column":7}},"line":81},"6":{"name":"(anonymous_6)","decl":{"start":{"line":139,"column":17},"end":{"line":139,"column":18}},"loc":{"start":{"line":140,"column":8},"end":{"line":140,"column":42}},"line":140}},"branchMap":{"0":{"loc":{"start":{"line":82,"column":8},"end":{"line":100,"column":9}},"type":"if","locations":[{"start":{"line":82,"column":8},"end":{"line":100,"column":9}},{"start":{},"end":{}}],"line":82},"1":{"loc":{"start":{"line":87,"column":10},"end":{"line":99,"column":11}},"type":"if","locations":[{"start":{"line":87,"column":10},"end":{"line":99,"column":11}},{"start":{},"end":{}}],"line":87},"2":{"loc":{"start":{"line":95,"column":12},"end":{"line":98,"column":13}},"type":"if","locations":[{"start":{"line":95,"column":12},"end":{"line":98,"column":13}},{"start":{},"end":{}}],"line":95},"3":{"loc":{"start":{"line":103,"column":6},"end":{"line":116,"column":7}},"type":"if","locations":[{"start":{"line":103,"column":6},"end":{"line":116,"column":7}},{"start":{},"end":{}}],"line":103},"4":{"loc":{"start":{"line":121,"column":6},"end":{"line":123,"column":7}},"type":"if","locations":[{"start":{"line":121,"column":6},"end":{"line":123,"column":7}},{"start":{},"end":{}}],"line":121},"5":{"loc":{"start":{"line":121,"column":10},"end":{"line":121,"column":66}},"type":"binary-expr","locations":[{"start":{"line":121,"column":10},"end":{"line":121,"column":35}},{"start":{"line":121,"column":39},"end":{"line":121,"column":66}}],"line":121},"6":{"loc":{"start":{"line":124,"column":6},"end":{"line":126,"column":7}},"type":"if","locations":[{"start":{"line":124,"column":6},"end":{"line":126,"column":7}},{"start":{},"end":{}}],"line":124},"7":{"loc":{"start":{"line":124,"column":10},"end":{"line":124,"column":66}},"type":"binary-expr","locations":[{"start":{"line":124,"column":10},"end":{"line":124,"column":35}},{"start":{"line":124,"column":39},"end":{"line":124,"column":66}}],"line":124},"8":{"loc":{"start":{"line":130,"column":6},"end":{"line":133,"column":7}},"type":"if","locations":[{"start":{"line":130,"column":6},"end":{"line":133,"column":7}},{"start":{},"end":{}}],"line":130}},"s":{"0":0,"1":0,"2":0,"3":0,"4":0,"5":0,"6":0,"7":0,"8":0,"9":0,"10":0,"11":0,"12":0,"13":0,"14":0,"15":0,"16":0,"17":0,"18":0,"19":0,"20":0,"21":0,"22":0,"23":0,"24":0,"25":0,"26":0,"27":0,"28":0,"29":0,"30":0,"31":0,"32":0,"33":0,"34":0,"35":0,"36":0,"37":0,"38":0,"39":0,"40":0,"41":0,"42":0,"43":0,"44":0,"45":0,"46":0,"47":0,"48":0,"49":0,"50":0,"51":0,"52":0,"53":0,"54":0,"55":0,"56":0,"57":0,"58":0,"59":0,"60":0,"61":0,"62":0,"63":0,"64":0,"65":0},"f":{"0":0,"1":0,"2":0,"3":0,"4":0,"5":0,"6":0},"b":{"0":[0,0],"1":[0,0],"2":[0,0],"3":[0,0],"4":[0,0],"5":[0,0],"6":[0,0],"7":[0,0],"8":[0,0]}}
,"/Users/dahalsabina/Desktop/ReactNativeMobile /app/(tabs)/homePage.tsx": {"path":"/Users/dahalsabina/Desktop/ReactNativeMobile /app/(tabs)/homePage.tsx","statementMap":{"0":{"start":{"line":9,"column":17},"end":{"line":48,"column":1}},"1":{"start":{"line":11,"column":36},"end":{"line":15,"column":3}},"2":{"start":{"line":17,"column":27},"end":{"line":21,"column":3}},"3":{"start":{"line":18,"column":4},"end":{"line":20,"column":23}},"4":{"start":{"line":23,"column":2},"end":{"line":47,"column":4}},"5":{"start":{"line":37,"column":34},"end":{"line":37,"column":41}},"6":{"start":{"line":52,"column":15},"end":{"line":115,"column":2}}},"fnMap":{"0":{"name":"(anonymous_0)","decl":{"start":{"line":9,"column":17},"end":{"line":9,"column":18}},"loc":{"start":{"line":9,"column":23},"end":{"line":48,"column":1}},"line":9},"1":{"name":"(anonymous_1)","decl":{"start":{"line":17,"column":27},"end":{"line":17,"column":28}},"loc":{"start":{"line":18,"column":4},"end":{"line":20,"column":23}},"line":18},"2":{"name":"(anonymous_2)","decl":{"start":{"line":37,"column":24},"end":{"line":37,"column":25}},"loc":{"start":{"line":37,"column":34},"end":{"line":37,"column":41}},"line":37}},"branchMap":{},"s":{"0":0,"1":0,"2":0,"3":0,"4":0,"5":0,"6":0},"f":{"0":0,"1":0,"2":0},"b":{}}
,"/Users/dahalsabina/Desktop/ReactNativeMobile /app/(tabs)/notification.tsx": {"path":"/Users/dahalsabina/Desktop/ReactNativeMobile /app/(tabs)/notification.tsx","statementMap":{"0":{"start":{"line":11,"column":42},"end":{"line":30,"column":1}},"1":{"start":{"line":32,"column":25},"end":{"line":52,"column":1}},"2":{"start":{"line":33,"column":29},"end":{"line":39,"column":3}},"3":{"start":{"line":34,"column":4},"end":{"line":38,"column":11}},"4":{"start":{"line":41,"column":2},"end":{"line":51,"column":4}},"5":{"start":{"line":47,"column":32},"end":{"line":47,"column":39}},"6":{"start":{"line":56,"column":15},"end":{"line":99,"column":2}}},"fnMap":{"0":{"name":"(anonymous_0)","decl":{"start":{"line":32,"column":25},"end":{"line":32,"column":26}},"loc":{"start":{"line":32,"column":31},"end":{"line":52,"column":1}},"line":32},"1":{"name":"(anonymous_1)","decl":{"start":{"line":33,"column":29},"end":{"line":33,"column":30}},"loc":{"start":{"line":34,"column":4},"end":{"line":38,"column":11}},"line":34},"2":{"name":"(anonymous_2)","decl":{"start":{"line":47,"column":22},"end":{"line":47,"column":23}},"loc":{"start":{"line":47,"column":32},"end":{"line":47,"column":39}},"line":47}},"branchMap":{},"s":{"0":0,"1":0,"2":0,"3":0,"4":0,"5":0,"6":0},"f":{"0":0,"1":0,"2":0},"b":{}}
,"/Users/dahalsabina/Desktop/ReactNativeMobile /app/(tabs)/profile.tsx": {"path":"/Users/dahalsabina/Desktop/ReactNativeMobile /app/(tabs)/profile.tsx","statementMap":{"0":{"start":{"line":4,"column":16},"end":{"line":30,"column":1}},"1":{"start":{"line":5,"column":2},"end":{"line":29,"column":4}},"2":{"start":{"line":34,"column":15},"end":{"line":86,"column":2}}},"fnMap":{"0":{"name":"(anonymous_0)","decl":{"start":{"line":4,"column":16},"end":{"line":4,"column":17}},"loc":{"start":{"line":4,"column":22},"end":{"line":30,"column":1}},"line":4}},"branchMap":{},"s":{"0":0,"1":0,"2":0},"f":{"0":0},"b":{}}
,"/Users/dahalsabina/Desktop/ReactNativeMobile /components/AppGradient.tsx": {"path":"/Users/dahalsabina/Desktop/ReactNativeMobile /components/AppGradient.tsx","statementMap":{"0":{"start":{"line":6,"column":20},"end":{"line":18,"column":1}},"1":{"start":{"line":13,"column":4},"end":{"line":17,"column":6}},"2":{"start":{"line":20,"column":15},"end":{"line":24,"column":2}}},"fnMap":{"0":{"name":"(anonymous_0)","decl":{"start":{"line":6,"column":20},"end":{"line":6,"column":21}},"loc":{"start":{"line":12,"column":6},"end":{"line":18,"column":1}},"line":12}},"branchMap":{},"s":{"0":0,"1":0,"2":0},"f":{"0":0},"b":{}}
,"/Users/dahalsabina/Desktop/ReactNativeMobile /components/Content.tsx": {"path":"/Users/dahalsabina/Desktop/ReactNativeMobile /components/Content.tsx","statementMap":{"0":{"start":{"line":5,"column":16},"end":{"line":7,"column":1}},"1":{"start":{"line":6,"column":4},"end":{"line":6,"column":76}},"2":{"start":{"line":9,"column":15},"end":{"line":16,"column":2}}},"fnMap":{"0":{"name":"(anonymous_0)","decl":{"start":{"line":5,"column":16},"end":{"line":5,"column":17}},"loc":{"start":{"line":5,"column":39},"end":{"line":7,"column":1}},"line":5}},"branchMap":{},"s":{"0":0,"1":0,"2":0},"f":{"0":0},"b":{}}
,"/Users/dahalsabina/Desktop/ReactNativeMobile /components/CustomButton.tsx": {"path":"/Users/dahalsabina/Desktop/ReactNativeMobile /components/CustomButton.tsx","statementMap":{"0":{"start":{"line":11,"column":21},"end":{"line":30,"column":1}},"1":{"start":{"line":17,"column":4},"end":{"line":29,"column":6}}},"fnMap":{"0":{"name":"(anonymous_0)","decl":{"start":{"line":11,"column":21},"end":{"line":11,"column":22}},"loc":{"start":{"line":16,"column":25},"end":{"line":30,"column":1}},"line":16}},"branchMap":{"0":{"loc":{"start":{"line":14,"column":4},"end":{"line":14,"column":19}},"type":"default-arg","locations":[{"start":{"line":14,"column":17},"end":{"line":14,"column":19}}],"line":14},"1":{"loc":{"start":{"line":15,"column":4},"end":{"line":15,"column":24}},"type":"default-arg","locations":[{"start":{"line":15,"column":22},"end":{"line":15,"column":24}}],"line":15}},"s":{"0":0,"1":0},"f":{"0":0},"b":{"0":[0],"1":[0]}}
,"/Users/dahalsabina/Desktop/ReactNativeMobile /constants/Colors.ts": {"path":"/Users/dahalsabina/Desktop/ReactNativeMobile /constants/Colors.ts","statementMap":{"0":{"start":{"line":6,"column":15},"end":{"line":17,"column":1}}},"fnMap":{},"branchMap":{},"s":{"0":0},"f":{},"b":{}}
,"/Users/dahalsabina/Desktop/ReactNativeMobile /constants/project_images.ts": {"path":"/Users/dahalsabina/Desktop/ReactNativeMobile /constants/project_images.ts","statementMap":{},"fnMap":{},"branchMap":{},"s":{},"f":{},"b":{}}
,"/Users/dahalsabina/Desktop/ReactNativeMobile /hooks/useColorScheme.ts": {"path":"/Users/dahalsabina/Desktop/ReactNativeMobile /hooks/useColorScheme.ts","statementMap":{},"fnMap":{},"branchMap":{},"s":{},"f":{},"b":{}}
,"/Users/dahalsabina/Desktop/ReactNativeMobile /hooks/useColorScheme.web.ts": {"path":"/Users/dahalsabina/Desktop/ReactNativeMobile /hooks/useColorScheme.web.ts","statementMap":{"0":{"start":{"line":7,"column":2},"end":{"line":7,"column":17}}},"fnMap":{"0":{"name":"useColorScheme","decl":{"start":{"line":6,"column":16},"end":{"line":6,"column":30}},"loc":{"start":{"line":6,"column":33},"end":{"line":8,"column":1}},"line":6}},"branchMap":{},"s":{"0":0},"f":{"0":0},"b":{}}
,"/Users/dahalsabina/Desktop/ReactNativeMobile /hooks/useThemeColor.ts": {"path":"/Users/dahalsabina/Desktop/ReactNativeMobile /hooks/useThemeColor.ts","statementMap":{"0":{"start":{"line":13,"column":16},"end":{"line":13,"column":43}},"1":{"start":{"line":14,"column":25},"end":{"line":14,"column":37}},"2":{"start":{"line":16,"column":2},"end":{"line":20,"column":3}},"3":{"start":{"line":17,"column":4},"end":{"line":17,"column":26}},"4":{"start":{"line":19,"column":4},"end":{"line":19,"column":36}}},"fnMap":{"0":{"name":"useThemeColor","decl":{"start":{"line":9,"column":16},"end":{"line":9,"column":29}},"loc":{"start":{"line":12,"column":2},"end":{"line":21,"column":1}},"line":12}},"branchMap":{"0":{"loc":{"start":{"line":13,"column":16},"end":{"line":13,"column":43}},"type":"binary-expr","locations":[{"start":{"line":13,"column":16},"end":{"line":13,"column":32}},{"start":{"line":13,"column":36},"end":{"line":13,"column":43}}],"line":13},"1":{"loc":{"start":{"line":16,"column":2},"end":{"line":20,"column":3}},"type":"if","locations":[{"start":{"line":16,"column":2},"end":{"line":20,"column":3}},{"start":{"line":18,"column":9},"end":{"line":20,"column":3}}],"line":16}},"s":{"0":0,"1":0,"2":0,"3":0,"4":0},"f":{"0":0},"b":{"0":[0,0],"1":[0,0]}}
,"/Users/dahalsabina/Desktop/ReactNativeMobile /scripts/reset-project.js": {"path":"/Users/dahalsabina/Desktop/ReactNativeMobile /scripts/reset-project.js","statementMap":{"0":{"start":{"line":9,"column":11},"end":{"line":9,"column":24}},"1":{"start":{"line":10,"column":13},"end":{"line":10,"column":28}},"2":{"start":{"line":12,"column":13},"end":{"line":12,"column":26}},"3":{"start":{"line":13,"column":19},"end":{"line":13,"column":41}},"4":{"start":{"line":14,"column":19},"end":{"line":14,"column":49}},"5":{"start":{"line":15,"column":22},"end":{"line":15,"column":44}},"6":{"start":{"line":17,"column":21},"end":{"line":32,"column":1}},"7":{"start":{"line":34,"column":22},"end":{"line":43,"column":1}},"8":{"start":{"line":45,"column":0},"end":{"line":73,"column":3}},"9":{"start":{"line":46,"column":2},"end":{"line":48,"column":3}},"10":{"start":{"line":47,"column":4},"end":{"line":47,"column":63}},"11":{"start":{"line":49,"column":2},"end":{"line":49,"column":45}},"12":{"start":{"line":51,"column":2},"end":{"line":72,"column":5}},"13":{"start":{"line":52,"column":4},"end":{"line":54,"column":5}},"14":{"start":{"line":53,"column":6},"end":{"line":53,"column":73}},"15":{"start":{"line":55,"column":4},"end":{"line":55,"column":47}},"16":{"start":{"line":57,"column":22},"end":{"line":57,"column":59}},"17":{"start":{"line":58,"column":4},"end":{"line":71,"column":7}},"18":{"start":{"line":59,"column":6},"end":{"line":61,"column":7}},"19":{"start":{"line":60,"column":8},"end":{"line":60,"column":67}},"20":{"start":{"line":62,"column":6},"end":{"line":62,"column":44}},"21":{"start":{"line":64,"column":25},"end":{"line":64,"column":64}},"22":{"start":{"line":65,"column":6},"end":{"line":70,"column":9}},"23":{"start":{"line":66,"column":8},"end":{"line":68,"column":9}},"24":{"start":{"line":67,"column":10},"end":{"line":67,"column":71}},"25":{"start":{"line":69,"column":8},"end":{"line":69,"column":48}}},"fnMap":{"0":{"name":"(anonymous_0)","decl":{"start":{"line":45,"column":34},"end":{"line":45,"column":35}},"loc":{"start":{"line":45,"column":45},"end":{"line":73,"column":1}},"line":45},"1":{"name":"(anonymous_1)","decl":{"start":{"line":51,"column":47},"end":{"line":51,"column":48}},"loc":{"start":{"line":51,"column":58},"end":{"line":72,"column":3}},"line":51},"2":{"name":"(anonymous_2)","decl":{"start":{"line":58,"column":42},"end":{"line":58,"column":43}},"loc":{"start":{"line":58,"column":53},"end":{"line":71,"column":5}},"line":58},"3":{"name":"(anonymous_3)","decl":{"start":{"line":65,"column":46},"end":{"line":65,"column":47}},"loc":{"start":{"line":65,"column":57},"end":{"line":70,"column":7}},"line":65}},"branchMap":{"0":{"loc":{"start":{"line":46,"column":2},"end":{"line":48,"column":3}},"type":"if","locations":[{"start":{"line":46,"column":2},"end":{"line":48,"column":3}},{"start":{},"end":{}}],"line":46},"1":{"loc":{"start":{"line":52,"column":4},"end":{"line":54,"column":5}},"type":"if","locations":[{"start":{"line":52,"column":4},"end":{"line":54,"column":5}},{"start":{},"end":{}}],"line":52},"2":{"loc":{"start":{"line":59,"column":6},"end":{"line":61,"column":7}},"type":"if","locations":[{"start":{"line":59,"column":6},"end":{"line":61,"column":7}},{"start":{},"end":{}}],"line":59},"3":{"loc":{"start":{"line":66,"column":8},"end":{"line":68,"column":9}},"type":"if","locations":[{"start":{"line":66,"column":8},"end":{"line":68,"column":9}},{"start":{},"end":{}}],"line":66}},"s":{"0":0,"1":0,"2":0,"3":0,"4":0,"5":0,"6":0,"7":0,"8":0,"9":0,"10":0,"11":0,"12":0,"13":0,"14":0,"15":0,"16":0,"17":0,"18":0,"19":0,"20":0,"21":0,"22":0,"23":0,"24":0,"25":0},"f":{"0":0,"1":0,"2":0,"3":0},"b":{"0":[0,0],"1":[0,0],"2":[0,0],"3":[0,0]}}
}
