{"/Users/dahalsabina/Desktop/ReactNativeMobile /app/[id].tsx": {"path":"/Users/dahalsabina/Desktop/ReactNativeMobile /app/[id].tsx","statementMap":{"0":{"start":{"line":32,"column":26},"end":{"line":160,"column":1}},"1":{"start":{"line":37,"column":17},"end":{"line":37,"column":39}},"2":{"start":{"line":43,"column":38},"end":{"line":43,"column":71}},"3":{"start":{"line":49,"column":32},"end":{"line":49,"column":55}},"4":{"start":{"line":55,"column":28},"end":{"line":55,"column":48}},"5":{"start":{"line":61,"column":21},"end":{"line":61,"column":36}},"6":{"start":{"line":73,"column":33},"end":{"line":91,"column":3}},"7":{"start":{"line":74,"column":4},"end":{"line":74,"column":21}},"8":{"start":{"line":75,"column":4},"end":{"line":75,"column":17}},"9":{"start":{"line":76,"column":4},"end":{"line":90,"column":5}},"10":{"start":{"line":77,"column":22},"end":{"line":77,"column":63}},"11":{"start":{"line":78,"column":23},"end":{"line":78,"column":43}},"12":{"start":{"line":80,"column":6},"end":{"line":82,"column":7}},"13":{"start":{"line":81,"column":8},"end":{"line":81,"column":61}},"14":{"start":{"line":84,"column":31},"end":{"line":84,"column":52}},"15":{"start":{"line":85,"column":6},"end":{"line":85,"column":26}},"16":{"start":{"line":87,"column":6},"end":{"line":87,"column":39}},"17":{"start":{"line":89,"column":6},"end":{"line":89,"column":24}},"18":{"start":{"line":96,"column":2},"end":{"line":103,"column":11}},"19":{"start":{"line":97,"column":4},"end":{"line":102,"column":5}},"20":{"start":{"line":98,"column":6},"end":{"line":98,"column":31}},"21":{"start":{"line":100,"column":6},"end":{"line":100,"column":44}},"22":{"start":{"line":101,"column":6},"end":{"line":101,"column":24}},"23":{"start":{"line":108,"column":2},"end":{"line":112,"column":19}},"24":{"start":{"line":109,"column":4},"end":{"line":111,"column":5}},"25":{"start":{"line":110,"column":6},"end":{"line":110,"column":57}},"26":{"start":{"line":117,"column":2},"end":{"line":123,"column":3}},"27":{"start":{"line":118,"column":4},"end":{"line":122,"column":6}},"28":{"start":{"line":128,"column":2},"end":{"line":134,"column":3}},"29":{"start":{"line":129,"column":4},"end":{"line":133,"column":6}},"30":{"start":{"line":139,"column":2},"end":{"line":145,"column":3}},"31":{"start":{"line":140,"column":4},"end":{"line":144,"column":6}},"32":{"start":{"line":147,"column":2},"end":{"line":159,"column":4}},"33":{"start":{"line":165,"column":15},"end":{"line":199,"column":2}}},"fnMap":{"0":{"name":"(anonymous_0)","decl":{"start":{"line":32,"column":26},"end":{"line":32,"column":27}},"loc":{"start":{"line":32,"column":32},"end":{"line":160,"column":1}},"line":32},"1":{"name":"(anonymous_1)","decl":{"start":{"line":73,"column":33},"end":{"line":73,"column":34}},"loc":{"start":{"line":73,"column":60},"end":{"line":91,"column":3}},"line":73},"2":{"name":"(anonymous_2)","decl":{"start":{"line":96,"column":12},"end":{"line":96,"column":13}},"loc":{"start":{"line":96,"column":18},"end":{"line":103,"column":3}},"line":96},"3":{"name":"(anonymous_3)","decl":{"start":{"line":108,"column":12},"end":{"line":108,"column":13}},"loc":{"start":{"line":108,"column":18},"end":{"line":112,"column":3}},"line":108}},"branchMap":{"0":{"loc":{"start":{"line":80,"column":6},"end":{"line":82,"column":7}},"type":"if","locations":[{"start":{"line":80,"column":6},"end":{"line":82,"column":7}},{"start":{},"end":{}}],"line":80},"1":{"loc":{"start":{"line":97,"column":4},"end":{"line":102,"column":5}},"type":"if","locations":[{"start":{"line":97,"column":4},"end":{"line":102,"column":5}},{"start":{"line":99,"column":11},"end":{"line":102,"column":5}}],"line":97},"2":{"loc":{"start":{"line":109,"column":4},"end":{"line":111,"column":5}},"type":"if","locations":[{"start":{"line":109,"column":4},"end":{"line":111,"column":5}},{"start":{},"end":{}}],"line":109},"3":{"loc":{"start":{"line":117,"column":2},"end":{"line":123,"column":3}},"type":"if","locations":[{"start":{"line":117,"column":2},"end":{"line":123,"column":3}},{"start":{},"end":{}}],"line":117},"4":{"loc":{"start":{"line":128,"column":2},"end":{"line":134,"column":3}},"type":"if","locations":[{"start":{"line":128,"column":2},"end":{"line":134,"column":3}},{"start":{},"end":{}}],"line":128},"5":{"loc":{"start":{"line":139,"column":2},"end":{"line":145,"column":3}},"type":"if","locations":[{"start":{"line":139,"column":2},"end":{"line":145,"column":3}},{"start":{},"end":{}}],"line":139}},"s":{"0":0,"1":0,"2":0,"3":0,"4":0,"5":0,"6":0,"7":0,"8":0,"9":0,"10":0,"11":0,"12":0,"13":0,"14":0,"15":0,"16":0,"17":0,"18":0,"19":0,"20":0,"21":0,"22":0,"23":0,"24":0,"25":0,"26":0,"27":0,"28":0,"29":0,"30":0,"31":0,"32":0,"33":0},"f":{"0":0,"1":0,"2":0,"3":0},"b":{"0":[0,0],"1":[0,0],"2":[0,0],"3":[0,0],"4":[0,0],"5":[0,0]}}
,"/Users/dahalsabina/Desktop/ReactNativeMobile /app/_layout.tsx": {"path":"/Users/dahalsabina/Desktop/ReactNativeMobile /app/_layout.tsx","statementMap":{"0":{"start":{"line":29,"column":4},"end":{"line":36,"column":5}}},"fnMap":{"0":{"name":"RootLayout","decl":{"start":{"line":28,"column":24},"end":{"line":28,"column":34}},"loc":{"start":{"line":28,"column":37},"end":{"line":37,"column":1}},"line":28}},"branchMap":{},"s":{"0":0},"f":{"0":0},"b":{}}
,"/Users/dahalsabina/Desktop/ReactNativeMobile /app/index.tsx": {"path":"/Users/dahalsabina/Desktop/ReactNativeMobile /app/index.tsx","statementMap":{"0":{"start":{"line":23,"column":12},"end":{"line":69,"column":1}},"1":{"start":{"line":24,"column":17},"end":{"line":24,"column":28}},"2":{"start":{"line":26,"column":2},"end":{"line":68,"column":4}},"3":{"start":{"line":61,"column":23},"end":{"line":61,"column":47}},"4":{"start":{"line":71,"column":15},"end":{"line":130,"column":2}}},"fnMap":{"0":{"name":"(anonymous_0)","decl":{"start":{"line":23,"column":12},"end":{"line":23,"column":13}},"loc":{"start":{"line":23,"column":18},"end":{"line":69,"column":1}},"line":23},"1":{"name":"(anonymous_1)","decl":{"start":{"line":61,"column":17},"end":{"line":61,"column":18}},"loc":{"start":{"line":61,"column":23},"end":{"line":61,"column":47}},"line":61}},"branchMap":{},"s":{"0":1,"1":6,"2":6,"3":1,"4":1},"f":{"0":6,"1":1},"b":{},"_coverageSchema":"1a1c01bbd47fc00a2c39e90264f33305004495a9","hash":"fddb472ff394dcf7efb21e70c021c154f98db753"}
,"/Users/dahalsabina/Desktop/ReactNativeMobile /app/register.tsx": {"path":"/Users/dahalsabina/Desktop/ReactNativeMobile /app/register.tsx","statementMap":{"0":{"start":{"line":10,"column":21},"end":{"line":59,"column":1}},"1":{"start":{"line":11,"column":22},"end":{"line":14,"column":3}},"2":{"start":{"line":13,"column":4},"end":{"line":13,"column":41}},"3":{"start":{"line":15,"column":17},"end":{"line":15,"column":28}},"4":{"start":{"line":17,"column":24},"end":{"line":20,"column":4}},"5":{"start":{"line":23,"column":2},"end":{"line":58,"column":4}},"6":{"start":{"line":50,"column":29},"end":{"line":50,"column":53}},"7":{"start":{"line":61,"column":15},"end":{"line":133,"column":2}}},"fnMap":{"0":{"name":"(anonymous_0)","decl":{"start":{"line":10,"column":21},"end":{"line":10,"column":22}},"loc":{"start":{"line":10,"column":27},"end":{"line":59,"column":1}},"line":10},"1":{"name":"(anonymous_1)","decl":{"start":{"line":11,"column":22},"end":{"line":11,"column":23}},"loc":{"start":{"line":11,"column":28},"end":{"line":14,"column":3}},"line":11},"2":{"name":"(anonymous_2)","decl":{"start":{"line":50,"column":23},"end":{"line":50,"column":24}},"loc":{"start":{"line":50,"column":29},"end":{"line":50,"column":53}},"line":50}},"branchMap":{},"s":{"0":0,"1":0,"2":0,"3":0,"4":0,"5":0,"6":0,"7":0},"f":{"0":0,"1":0,"2":0},"b":{}}
,"/Users/dahalsabina/Desktop/ReactNativeMobile /app/signIn.tsx": {"path":"/Users/dahalsabina/Desktop/ReactNativeMobile /app/signIn.tsx","statementMap":{"0":{"start":{"line":12,"column":19},"end":{"line":100,"column":1}},"1":{"start":{"line":13,"column":22},"end":{"line":16,"column":3}},"2":{"start":{"line":15,"column":4},"end":{"line":15,"column":41}},"3":{"start":{"line":17,"column":17},"end":{"line":17,"column":28}},"4":{"start":{"line":19,"column":24},"end":{"line":23,"column":4}},"5":{"start":{"line":27,"column":2},"end":{"line":27,"column":76}},"6":{"start":{"line":30,"column":43},"end":{"line":34,"column":4}},"7":{"start":{"line":36,"column":22},"end":{"line":40,"column":4}},"8":{"start":{"line":41,"column":2},"end":{"line":41,"column":44}},"9":{"start":{"line":43,"column":29},"end":{"line":59,"column":3}},"10":{"start":{"line":44,"column":4},"end":{"line":58,"column":5}},"11":{"start":{"line":45,"column":21},"end":{"line":45,"column":40}},"12":{"start":{"line":46,"column":6},"end":{"line":54,"column":7}},"13":{"start":{"line":47,"column":35},"end":{"line":47,"column":41}},"14":{"start":{"line":50,"column":8},"end":{"line":50,"column":83}},"15":{"start":{"line":51,"column":8},"end":{"line":51,"column":33}},"16":{"start":{"line":52,"column":13},"end":{"line":54,"column":7}},"17":{"start":{"line":53,"column":8},"end":{"line":53,"column":41}},"18":{"start":{"line":56,"column":6},"end":{"line":56,"column":52}},"19":{"start":{"line":62,"column":2},"end":{"line":99,"column":4}},"20":{"start":{"line":102,"column":15},"end":{"line":173,"column":2}}},"fnMap":{"0":{"name":"(anonymous_0)","decl":{"start":{"line":12,"column":19},"end":{"line":12,"column":20}},"loc":{"start":{"line":12,"column":25},"end":{"line":100,"column":1}},"line":12},"1":{"name":"(anonymous_1)","decl":{"start":{"line":13,"column":22},"end":{"line":13,"column":23}},"loc":{"start":{"line":13,"column":28},"end":{"line":16,"column":3}},"line":13},"2":{"name":"(anonymous_2)","decl":{"start":{"line":43,"column":29},"end":{"line":43,"column":30}},"loc":{"start":{"line":43,"column":41},"end":{"line":59,"column":3}},"line":43}},"branchMap":{"0":{"loc":{"start":{"line":46,"column":6},"end":{"line":54,"column":7}},"type":"if","locations":[{"start":{"line":46,"column":6},"end":{"line":54,"column":7}},{"start":{"line":52,"column":13},"end":{"line":54,"column":7}}],"line":46},"1":{"loc":{"start":{"line":52,"column":13},"end":{"line":54,"column":7}},"type":"if","locations":[{"start":{"line":52,"column":13},"end":{"line":54,"column":7}},{"start":{},"end":{}}],"line":52}},"s":{"0":0,"1":0,"2":0,"3":0,"4":0,"5":0,"6":0,"7":0,"8":0,"9":0,"10":0,"11":0,"12":0,"13":0,"14":0,"15":0,"16":0,"17":0,"18":0,"19":0,"20":0},"f":{"0":0,"1":0,"2":0},"b":{"0":[0,0],"1":[0,0]}}
,"/Users/dahalsabina/Desktop/ReactNativeMobile /app/(tabs)/_layout.tsx": {"path":"/Users/dahalsabina/Desktop/ReactNativeMobile /app/(tabs)/_layout.tsx","statementMap":{"0":{"start":{"line":25,"column":18},"end":{"line":25,"column":45}},"1":{"start":{"line":27,"column":4},"end":{"line":126,"column":6}},"2":{"start":{"line":53,"column":24},"end":{"line":53,"column":71}},"3":{"start":{"line":70,"column":24},"end":{"line":70,"column":75}},"4":{"start":{"line":87,"column":24},"end":{"line":87,"column":79}},"5":{"start":{"line":104,"column":24},"end":{"line":104,"column":70}},"6":{"start":{"line":121,"column":24},"end":{"line":121,"column":70}}},"fnMap":{"0":{"name":"Page","decl":{"start":{"line":23,"column":24},"end":{"line":23,"column":28}},"loc":{"start":{"line":23,"column":31},"end":{"line":127,"column":1}},"line":23},"1":{"name":"(anonymous_1)","decl":{"start":{"line":52,"column":32},"end":{"line":52,"column":33}},"loc":{"start":{"line":53,"column":24},"end":{"line":53,"column":71}},"line":53},"2":{"name":"(anonymous_2)","decl":{"start":{"line":69,"column":32},"end":{"line":69,"column":33}},"loc":{"start":{"line":70,"column":24},"end":{"line":70,"column":75}},"line":70},"3":{"name":"(anonymous_3)","decl":{"start":{"line":86,"column":32},"end":{"line":86,"column":33}},"loc":{"start":{"line":87,"column":24},"end":{"line":87,"column":79}},"line":87},"4":{"name":"(anonymous_4)","decl":{"start":{"line":103,"column":32},"end":{"line":103,"column":33}},"loc":{"start":{"line":104,"column":24},"end":{"line":104,"column":70}},"line":104},"5":{"name":"(anonymous_5)","decl":{"start":{"line":120,"column":32},"end":{"line":120,"column":33}},"loc":{"start":{"line":121,"column":24},"end":{"line":121,"column":70}},"line":121}},"branchMap":{"0":{"loc":{"start":{"line":25,"column":18},"end":{"line":25,"column":45}},"type":"binary-expr","locations":[{"start":{"line":25,"column":18},"end":{"line":25,"column":34}},{"start":{"line":25,"column":38},"end":{"line":25,"column":45}}],"line":25}},"s":{"0":0,"1":0,"2":0,"3":0,"4":0,"5":0,"6":0},"f":{"0":0,"1":0,"2":0,"3":0,"4":0,"5":0},"b":{"0":[0,0]}}
,"/Users/dahalsabina/Desktop/ReactNativeMobile /app/(tabs)/discussionPost.tsx": {"path":"/Users/dahalsabina/Desktop/ReactNativeMobile /app/(tabs)/discussionPost.tsx","statementMap":{"0":{"start":{"line":30,"column":23},"end":{"line":162,"column":1}},"1":{"start":{"line":35,"column":34},"end":{"line":35,"column":54}},"2":{"start":{"line":41,"column":28},"end":{"line":41,"column":48}},"3":{"start":{"line":48,"column":32},"end":{"line":48,"column":56}},"4":{"start":{"line":53,"column":17},"end":{"line":53,"column":28}},"5":{"start":{"line":59,"column":18},"end":{"line":59,"column":54}},"6":{"start":{"line":73,"column":24},"end":{"line":128,"column":3}},"7":{"start":{"line":75,"column":4},"end":{"line":78,"column":5}},"8":{"start":{"line":76,"column":6},"end":{"line":76,"column":68}},"9":{"start":{"line":77,"column":6},"end":{"line":77,"column":13}},"10":{"start":{"line":80,"column":4},"end":{"line":80,"column":21}},"11":{"start":{"line":82,"column":4},"end":{"line":127,"column":5}},"12":{"start":{"line":84,"column":22},"end":{"line":88,"column":7}},"13":{"start":{"line":90,"column":6},"end":{"line":90,"column":47}},"14":{"start":{"line":93,"column":23},"end":{"line":99,"column":8}},"15":{"start":{"line":102,"column":27},"end":{"line":102,"column":48}},"16":{"start":{"line":105,"column":6},"end":{"line":108,"column":7}},"17":{"start":{"line":106,"column":8},"end":{"line":106,"column":53}},"18":{"start":{"line":107,"column":8},"end":{"line":107,"column":74}},"19":{"start":{"line":111,"column":6},"end":{"line":111,"column":63}},"20":{"start":{"line":114,"column":6},"end":{"line":114,"column":22}},"21":{"start":{"line":115,"column":6},"end":{"line":115,"column":19}},"22":{"start":{"line":118,"column":6},"end":{"line":120,"column":9}},"23":{"start":{"line":123,"column":6},"end":{"line":123,"column":93}},"24":{"start":{"line":126,"column":6},"end":{"line":126,"column":24}},"25":{"start":{"line":130,"column":2},"end":{"line":161,"column":4}},"26":{"start":{"line":168,"column":15},"end":{"line":213,"column":2}}},"fnMap":{"0":{"name":"(anonymous_0)","decl":{"start":{"line":30,"column":23},"end":{"line":30,"column":24}},"loc":{"start":{"line":30,"column":29},"end":{"line":162,"column":1}},"line":30},"1":{"name":"(anonymous_1)","decl":{"start":{"line":73,"column":24},"end":{"line":73,"column":25}},"loc":{"start":{"line":73,"column":51},"end":{"line":128,"column":3}},"line":73}},"branchMap":{"0":{"loc":{"start":{"line":75,"column":4},"end":{"line":78,"column":5}},"type":"if","locations":[{"start":{"line":75,"column":4},"end":{"line":78,"column":5}},{"start":{},"end":{}}],"line":75},"1":{"loc":{"start":{"line":75,"column":8},"end":{"line":75,"column":41}},"type":"binary-expr","locations":[{"start":{"line":75,"column":8},"end":{"line":75,"column":24}},{"start":{"line":75,"column":28},"end":{"line":75,"column":41}}],"line":75},"2":{"loc":{"start":{"line":105,"column":6},"end":{"line":108,"column":7}},"type":"if","locations":[{"start":{"line":105,"column":6},"end":{"line":108,"column":7}},{"start":{},"end":{}}],"line":105},"3":{"loc":{"start":{"line":107,"column":24},"end":{"line":107,"column":72}},"type":"binary-expr","locations":[{"start":{"line":107,"column":24},"end":{"line":107,"column":42}},{"start":{"line":107,"column":46},"end":{"line":107,"column":72}}],"line":107},"4":{"loc":{"start":{"line":123,"column":27},"end":{"line":123,"column":91}},"type":"cond-expr","locations":[{"start":{"line":123,"column":50},"end":{"line":123,"column":61}},{"start":{"line":123,"column":64},"end":{"line":123,"column":91}}],"line":123},"5":{"loc":{"start":{"line":153,"column":7},"end":{"line":159,"column":7}},"type":"cond-expr","locations":[{"start":{"line":154,"column":8},"end":{"line":154,"column":58}},{"start":{"line":156,"column":8},"end":{"line":158,"column":27}}],"line":153}},"s":{"0":0,"1":0,"2":0,"3":0,"4":0,"5":0,"6":0,"7":0,"8":0,"9":0,"10":0,"11":0,"12":0,"13":0,"14":0,"15":0,"16":0,"17":0,"18":0,"19":0,"20":0,"21":0,"22":0,"23":0,"24":0,"25":0,"26":0},"f":{"0":0,"1":0},"b":{"0":[0,0],"1":[0,0],"2":[0,0],"3":[0,0],"4":[0,0],"5":[0,0]}}
,"/Users/dahalsabina/Desktop/ReactNativeMobile /app/(tabs)/explore.tsx": {"path":"/Users/dahalsabina/Desktop/ReactNativeMobile /app/(tabs)/explore.tsx","statementMap":{"0":{"start":{"line":42,"column":28},"end":{"line":42,"column":30}},"1":{"start":{"line":43,"column":22},"end":{"line":43,"column":27}},"2":{"start":{"line":45,"column":34},"end":{"line":72,"column":1}},"3":{"start":{"line":46,"column":20},"end":{"line":46,"column":51}},"4":{"start":{"line":47,"column":20},"end":{"line":47,"column":51}},"5":{"start":{"line":49,"column":2},"end":{"line":52,"column":41}},"6":{"start":{"line":50,"column":4},"end":{"line":50,"column":38}},"7":{"start":{"line":51,"column":4},"end":{"line":51,"column":38}},"8":{"start":{"line":54,"column":24},"end":{"line":61,"column":4}},"9":{"start":{"line":55,"column":4},"end":{"line":60,"column":6}},"10":{"start":{"line":63,"column":2},"end":{"line":71,"column":4}},"11":{"start":{"line":74,"column":34},"end":{"line":457,"column":1}},"12":{"start":{"line":75,"column":21},"end":{"line":75,"column":95}},"13":{"start":{"line":76,"column":20},"end":{"line":76,"column":96}},"14":{"start":{"line":78,"column":28},"end":{"line":78,"column":52}},"15":{"start":{"line":79,"column":30},"end":{"line":89,"column":17}},"16":{"start":{"line":92,"column":22},"end":{"line":99,"column":3}},"17":{"start":{"line":93,"column":16},"end":{"line":93,"column":46}},"18":{"start":{"line":94,"column":4},"end":{"line":97,"column":5}},"19":{"start":{"line":95,"column":6},"end":{"line":95,"column":40}},"20":{"start":{"line":96,"column":6},"end":{"line":96,"column":40}},"21":{"start":{"line":98,"column":4},"end":{"line":98,"column":18}},"22":{"start":{"line":102,"column":2},"end":{"line":114,"column":9}},"23":{"start":{"line":103,"column":24},"end":{"line":111,"column":5}},"24":{"start":{"line":104,"column":6},"end":{"line":110,"column":7}},"25":{"start":{"line":105,"column":25},"end":{"line":105,"column":48}},"26":{"start":{"line":106,"column":21},"end":{"line":106,"column":42}},"27":{"start":{"line":107,"column":8},"end":{"line":107,"column":24}},"28":{"start":{"line":109,"column":8},"end":{"line":109,"column":55}},"29":{"start":{"line":113,"column":4},"end":{"line":113,"column":18}},"30":{"start":{"line":117,"column":2},"end":{"line":156,"column":9}},"31":{"start":{"line":118,"column":30},"end":{"line":153,"column":5}},"32":{"start":{"line":119,"column":6},"end":{"line":152,"column":7}},"33":{"start":{"line":120,"column":25},"end":{"line":120,"column":47}},"34":{"start":{"line":121,"column":21},"end":{"line":121,"column":82}},"35":{"start":{"line":124,"column":26},"end":{"line":124,"column":29}},"36":{"start":{"line":126,"column":29},"end":{"line":147,"column":10}},"37":{"start":{"line":127,"column":34},"end":{"line":133,"column":11}},"38":{"start":{"line":135,"column":10},"end":{"line":146,"column":24}},"39":{"start":{"line":149,"column":8},"end":{"line":149,"column":31}},"40":{"start":{"line":151,"column":8},"end":{"line":151,"column":62}},"41":{"start":{"line":155,"column":4},"end":{"line":155,"column":24}},"42":{"start":{"line":159,"column":2},"end":{"line":226,"column":22}},"43":{"start":{"line":160,"column":4},"end":{"line":160,"column":46}},"44":{"start":{"line":160,"column":39},"end":{"line":160,"column":46}},"45":{"start":{"line":172,"column":8},"end":{"line":172,"column":14}},"46":{"start":{"line":174,"column":22},"end":{"line":174,"column":26}},"47":{"start":{"line":175,"column":22},"end":{"line":175,"column":25}},"48":{"start":{"line":177,"column":23},"end":{"line":223,"column":27}},"49":{"start":{"line":178,"column":6},"end":{"line":222,"column":9}},"50":{"start":{"line":179,"column":8},"end":{"line":221,"column":11}},"51":{"start":{"line":180,"column":31},"end":{"line":190,"column":12}},"52":{"start":{"line":193,"column":29},"end":{"line":193,"column":61}},"53":{"start":{"line":194,"column":29},"end":{"line":194,"column":61}},"54":{"start":{"line":197,"column":22},"end":{"line":197,"column":60}},"55":{"start":{"line":198,"column":10},"end":{"line":201,"column":11}},"56":{"start":{"line":199,"column":12},"end":{"line":199,"column":62}},"57":{"start":{"line":200,"column":12},"end":{"line":200,"column":62}},"58":{"start":{"line":204,"column":29},"end":{"line":204,"column":59}},"59":{"start":{"line":205,"column":29},"end":{"line":205,"column":59}},"60":{"start":{"line":208,"column":10},"end":{"line":209,"column":64}},"61":{"start":{"line":208,"column":42},"end":{"line":208,"column":59}},"62":{"start":{"line":209,"column":15},"end":{"line":209,"column":64}},"63":{"start":{"line":209,"column":37},"end":{"line":209,"column":64}},"64":{"start":{"line":211,"column":10},"end":{"line":212,"column":65}},"65":{"start":{"line":211,"column":43},"end":{"line":211,"column":60}},"66":{"start":{"line":212,"column":15},"end":{"line":212,"column":65}},"67":{"start":{"line":212,"column":37},"end":{"line":212,"column":65}},"68":{"start":{"line":214,"column":10},"end":{"line":220,"column":12}},"69":{"start":{"line":225,"column":4},"end":{"line":225,"column":43}},"70":{"start":{"line":225,"column":17},"end":{"line":225,"column":42}},"71":{"start":{"line":229,"column":2},"end":{"line":292,"column":15}},"72":{"start":{"line":230,"column":4},"end":{"line":230,"column":24}},"73":{"start":{"line":230,"column":17},"end":{"line":230,"column":24}},"74":{"start":{"line":232,"column":22},"end":{"line":232,"column":25}},"75":{"start":{"line":234,"column":27},"end":{"line":288,"column":5}},"76":{"start":{"line":235,"column":6},"end":{"line":287,"column":7}},"77":{"start":{"line":236,"column":25},"end":{"line":236,"column":47}},"78":{"start":{"line":237,"column":21},"end":{"line":237,"column":82}},"79":{"start":{"line":239,"column":28},"end":{"line":259,"column":10}},"80":{"start":{"line":240,"column":34},"end":{"line":246,"column":11}},"81":{"start":{"line":247,"column":10},"end":{"line":258,"column":24}},"82":{"start":{"line":261,"column":8},"end":{"line":284,"column":11}},"83":{"start":{"line":262,"column":33},"end":{"line":262,"column":60}},"84":{"start":{"line":263,"column":10},"end":{"line":263,"column":69}},"85":{"start":{"line":263,"column":38},"end":{"line":263,"column":67}},"86":{"start":{"line":266,"column":31},"end":{"line":273,"column":12}},"87":{"start":{"line":267,"column":31},"end":{"line":267,"column":58}},"88":{"start":{"line":268,"column":12},"end":{"line":272,"column":13}},"89":{"start":{"line":269,"column":14},"end":{"line":269,"column":48}},"90":{"start":{"line":271,"column":14},"end":{"line":271,"column":26}},"91":{"start":{"line":276,"column":31},"end":{"line":276,"column":66}},"92":{"start":{"line":276,"column":60},"end":{"line":276,"column":64}},"93":{"start":{"line":277,"column":10},"end":{"line":281,"column":13}},"94":{"start":{"line":278,"column":12},"end":{"line":280,"column":13}},"95":{"start":{"line":279,"column":14},"end":{"line":279,"column":36}},"96":{"start":{"line":283,"column":10},"end":{"line":283,"column":30}},"97":{"start":{"line":286,"column":8},"end":{"line":286,"column":65}},"98":{"start":{"line":290,"column":23},"end":{"line":290,"column":65}},"99":{"start":{"line":291,"column":4},"end":{"line":291,"column":43}},"100":{"start":{"line":291,"column":17},"end":{"line":291,"column":42}},"101":{"start":{"line":294,"column":36},"end":{"line":421,"column":3}},"102":{"start":{"line":319,"column":20},"end":{"line":319,"column":34}},"103":{"start":{"line":320,"column":19},"end":{"line":320,"column":33}},"104":{"start":{"line":321,"column":21},"end":{"line":321,"column":35}},"105":{"start":{"line":323,"column":25},"end":{"line":323,"column":26}},"106":{"start":{"line":324,"column":24},"end":{"line":324,"column":25}},"107":{"start":{"line":325,"column":26},"end":{"line":325,"column":27}},"108":{"start":{"line":327,"column":4},"end":{"line":360,"column":7}},"109":{"start":{"line":328,"column":6},"end":{"line":359,"column":7}},"110":{"start":{"line":329,"column":19},"end":{"line":329,"column":57}},"111":{"start":{"line":330,"column":19},"end":{"line":330,"column":57}},"112":{"start":{"line":331,"column":25},"end":{"line":331,"column":43}},"113":{"start":{"line":334,"column":8},"end":{"line":338,"column":9}},"114":{"start":{"line":335,"column":10},"end":{"line":335,"column":46}},"115":{"start":{"line":336,"column":10},"end":{"line":336,"column":46}},"116":{"start":{"line":337,"column":10},"end":{"line":337,"column":27}},"117":{"start":{"line":341,"column":8},"end":{"line":345,"column":9}},"118":{"start":{"line":342,"column":10},"end":{"line":342,"column":45}},"119":{"start":{"line":343,"column":10},"end":{"line":343,"column":45}},"120":{"start":{"line":344,"column":10},"end":{"line":344,"column":26}},"121":{"start":{"line":348,"column":8},"end":{"line":358,"column":9}},"122":{"start":{"line":349,"column":22},"end":{"line":349,"column":60}},"123":{"start":{"line":350,"column":22},"end":{"line":350,"column":60}},"124":{"start":{"line":351,"column":10},"end":{"line":354,"column":11}},"125":{"start":{"line":352,"column":12},"end":{"line":352,"column":41}},"126":{"start":{"line":353,"column":12},"end":{"line":353,"column":41}},"127":{"start":{"line":355,"column":10},"end":{"line":355,"column":32}},"128":{"start":{"line":356,"column":10},"end":{"line":356,"column":32}},"129":{"start":{"line":357,"column":10},"end":{"line":357,"column":28}},"130":{"start":{"line":362,"column":19},"end":{"line":362,"column":33}},"131":{"start":{"line":365,"column":4},"end":{"line":380,"column":5}},"132":{"start":{"line":366,"column":6},"end":{"line":366,"column":36}},"133":{"start":{"line":367,"column":6},"end":{"line":367,"column":36}},"134":{"start":{"line":368,"column":25},"end":{"line":368,"column":61}},"135":{"start":{"line":369,"column":6},"end":{"line":372,"column":7}},"136":{"start":{"line":370,"column":8},"end":{"line":370,"column":63}},"137":{"start":{"line":371,"column":8},"end":{"line":371,"column":63}},"138":{"start":{"line":373,"column":6},"end":{"line":373,"column":37}},"139":{"start":{"line":374,"column":6},"end":{"line":374,"column":37}},"140":{"start":{"line":375,"column":6},"end":{"line":375,"column":52}},"141":{"start":{"line":376,"column":6},"end":{"line":376,"column":40}},"142":{"start":{"line":377,"column":6},"end":{"line":377,"column":40}},"143":{"start":{"line":378,"column":6},"end":{"line":378,"column":32}},"144":{"start":{"line":379,"column":6},"end":{"line":379,"column":32}},"145":{"start":{"line":383,"column":4},"end":{"line":400,"column":5}},"146":{"start":{"line":384,"column":6},"end":{"line":384,"column":34}},"147":{"start":{"line":385,"column":6},"end":{"line":385,"column":34}},"148":{"start":{"line":386,"column":6},"end":{"line":386,"column":36}},"149":{"start":{"line":387,"column":6},"end":{"line":387,"column":36}},"150":{"start":{"line":388,"column":24},"end":{"line":388,"column":58}},"151":{"start":{"line":389,"column":6},"end":{"line":392,"column":7}},"152":{"start":{"line":390,"column":8},"end":{"line":390,"column":60}},"153":{"start":{"line":391,"column":8},"end":{"line":391,"column":60}},"154":{"start":{"line":393,"column":6},"end":{"line":393,"column":36}},"155":{"start":{"line":394,"column":6},"end":{"line":394,"column":36}},"156":{"start":{"line":395,"column":6},"end":{"line":395,"column":50}},"157":{"start":{"line":396,"column":6},"end":{"line":396,"column":38}},"158":{"start":{"line":397,"column":6},"end":{"line":397,"column":38}},"159":{"start":{"line":398,"column":6},"end":{"line":398,"column":31}},"160":{"start":{"line":399,"column":6},"end":{"line":399,"column":31}},"161":{"start":{"line":403,"column":4},"end":{"line":418,"column":5}},"162":{"start":{"line":404,"column":6},"end":{"line":404,"column":38}},"163":{"start":{"line":405,"column":6},"end":{"line":405,"column":38}},"164":{"start":{"line":406,"column":26},"end":{"line":406,"column":64}},"165":{"start":{"line":407,"column":6},"end":{"line":410,"column":7}},"166":{"start":{"line":408,"column":8},"end":{"line":408,"column":66}},"167":{"start":{"line":409,"column":8},"end":{"line":409,"column":66}},"168":{"start":{"line":411,"column":6},"end":{"line":411,"column":38}},"169":{"start":{"line":412,"column":6},"end":{"line":412,"column":38}},"170":{"start":{"line":413,"column":6},"end":{"line":413,"column":54}},"171":{"start":{"line":414,"column":6},"end":{"line":414,"column":42}},"172":{"start":{"line":415,"column":6},"end":{"line":415,"column":42}},"173":{"start":{"line":416,"column":6},"end":{"line":416,"column":33}},"174":{"start":{"line":417,"column":6},"end":{"line":417,"column":33}},"175":{"start":{"line":420,"column":4},"end":{"line":420,"column":20}},"176":{"start":{"line":424,"column":22},"end":{"line":436,"column":3}},"177":{"start":{"line":425,"column":59},"end":{"line":425,"column":83}},"178":{"start":{"line":426,"column":4},"end":{"line":429,"column":5}},"179":{"start":{"line":428,"column":6},"end":{"line":428,"column":22}},"180":{"start":{"line":431,"column":42},"end":{"line":431,"column":48}},"181":{"start":{"line":432,"column":4},"end":{"line":435,"column":6}},"182":{"start":{"line":438,"column":2},"end":{"line":441,"column":3}},"183":{"start":{"line":440,"column":4},"end":{"line":440,"column":45}},"184":{"start":{"line":443,"column":2},"end":{"line":456,"column":4}},"185":{"start":{"line":447,"column":31},"end":{"line":447,"column":76}},"186":{"start":{"line":448,"column":39},"end":{"line":452,"column":9}},"187":{"start":{"line":453,"column":8},"end":{"line":453,"column":68}},"188":{"start":{"line":459,"column":15},"end":{"line":470,"column":2}}},"fnMap":{"0":{"name":"(anonymous_0)","decl":{"start":{"line":45,"column":34},"end":{"line":45,"column":35}},"loc":{"start":{"line":45,"column":48},"end":{"line":72,"column":1}},"line":45},"1":{"name":"(anonymous_1)","decl":{"start":{"line":49,"column":12},"end":{"line":49,"column":13}},"loc":{"start":{"line":49,"column":18},"end":{"line":52,"column":3}},"line":49},"2":{"name":"(anonymous_2)","decl":{"start":{"line":54,"column":41},"end":{"line":54,"column":42}},"loc":{"start":{"line":54,"column":47},"end":{"line":61,"column":3}},"line":54},"3":{"name":"(anonymous_3)","decl":{"start":{"line":74,"column":34},"end":{"line":74,"column":35}},"loc":{"start":{"line":74,"column":40},"end":{"line":457,"column":1}},"line":74},"4":{"name":"(anonymous_4)","decl":{"start":{"line":92,"column":22},"end":{"line":92,"column":23}},"loc":{"start":{"line":92,"column":73},"end":{"line":99,"column":3}},"line":92},"5":{"name":"(anonymous_5)","decl":{"start":{"line":102,"column":12},"end":{"line":102,"column":13}},"loc":{"start":{"line":102,"column":18},"end":{"line":114,"column":3}},"line":102},"6":{"name":"(anonymous_6)","decl":{"start":{"line":103,"column":24},"end":{"line":103,"column":25}},"loc":{"start":{"line":103,"column":36},"end":{"line":111,"column":5}},"line":103},"7":{"name":"(anonymous_7)","decl":{"start":{"line":117,"column":12},"end":{"line":117,"column":13}},"loc":{"start":{"line":117,"column":18},"end":{"line":156,"column":3}},"line":117},"8":{"name":"(anonymous_8)","decl":{"start":{"line":118,"column":30},"end":{"line":118,"column":31}},"loc":{"start":{"line":118,"column":42},"end":{"line":153,"column":5}},"line":118},"9":{"name":"(anonymous_9)","decl":{"start":{"line":126,"column":54},"end":{"line":126,"column":55}},"loc":{"start":{"line":126,"column":77},"end":{"line":147,"column":9}},"line":126},"10":{"name":"(anonymous_10)","decl":{"start":{"line":159,"column":12},"end":{"line":159,"column":13}},"loc":{"start":{"line":159,"column":18},"end":{"line":226,"column":3}},"line":159},"11":{"name":"(anonymous_11)","decl":{"start":{"line":177,"column":35},"end":{"line":177,"column":36}},"loc":{"start":{"line":177,"column":41},"end":{"line":223,"column":5}},"line":177},"12":{"name":"(anonymous_12)","decl":{"start":{"line":178,"column":15},"end":{"line":178,"column":16}},"loc":{"start":{"line":178,"column":30},"end":{"line":222,"column":7}},"line":178},"13":{"name":"(anonymous_13)","decl":{"start":{"line":179,"column":29},"end":{"line":179,"column":30}},"loc":{"start":{"line":179,"column":52},"end":{"line":221,"column":9}},"line":179},"14":{"name":"(anonymous_14)","decl":{"start":{"line":225,"column":11},"end":{"line":225,"column":12}},"loc":{"start":{"line":225,"column":17},"end":{"line":225,"column":42}},"line":225},"15":{"name":"(anonymous_15)","decl":{"start":{"line":229,"column":12},"end":{"line":229,"column":13}},"loc":{"start":{"line":229,"column":18},"end":{"line":292,"column":3}},"line":229},"16":{"name":"(anonymous_16)","decl":{"start":{"line":234,"column":27},"end":{"line":234,"column":28}},"loc":{"start":{"line":234,"column":39},"end":{"line":288,"column":5}},"line":234},"17":{"name":"(anonymous_17)","decl":{"start":{"line":239,"column":53},"end":{"line":239,"column":54}},"loc":{"start":{"line":239,"column":76},"end":{"line":259,"column":9}},"line":239},"18":{"name":"(anonymous_18)","decl":{"start":{"line":261,"column":17},"end":{"line":261,"column":18}},"loc":{"start":{"line":261,"column":32},"end":{"line":284,"column":9}},"line":261},"19":{"name":"(anonymous_19)","decl":{"start":{"line":263,"column":30},"end":{"line":263,"column":31}},"loc":{"start":{"line":263,"column":38},"end":{"line":263,"column":67}},"line":263},"20":{"name":"(anonymous_20)","decl":{"start":{"line":266,"column":45},"end":{"line":266,"column":46}},"loc":{"start":{"line":266,"column":55},"end":{"line":273,"column":11}},"line":266},"21":{"name":"(anonymous_21)","decl":{"start":{"line":276,"column":53},"end":{"line":276,"column":54}},"loc":{"start":{"line":276,"column":60},"end":{"line":276,"column":64}},"line":276},"22":{"name":"(anonymous_22)","decl":{"start":{"line":277,"column":30},"end":{"line":277,"column":31}},"loc":{"start":{"line":277,"column":38},"end":{"line":281,"column":11}},"line":277},"23":{"name":"(anonymous_23)","decl":{"start":{"line":291,"column":11},"end":{"line":291,"column":12}},"loc":{"start":{"line":291,"column":17},"end":{"line":291,"column":42}},"line":291},"24":{"name":"(anonymous_24)","decl":{"start":{"line":294,"column":36},"end":{"line":294,"column":37}},"loc":{"start":{"line":318,"column":7},"end":{"line":421,"column":3}},"line":318},"25":{"name":"(anonymous_25)","decl":{"start":{"line":327,"column":21},"end":{"line":327,"column":22}},"loc":{"start":{"line":327,"column":36},"end":{"line":360,"column":5}},"line":327},"26":{"name":"(anonymous_26)","decl":{"start":{"line":424,"column":22},"end":{"line":424,"column":23}},"loc":{"start":{"line":424,"column":48},"end":{"line":436,"column":3}},"line":424},"27":{"name":"(anonymous_27)","decl":{"start":{"line":445,"column":17},"end":{"line":445,"column":18}},"loc":{"start":{"line":445,"column":27},"end":{"line":454,"column":7}},"line":445}},"branchMap":{"0":{"loc":{"start":{"line":94,"column":4},"end":{"line":97,"column":5}},"type":"if","locations":[{"start":{"line":94,"column":4},"end":{"line":97,"column":5}},{"start":{},"end":{}}],"line":94},"1":{"loc":{"start":{"line":160,"column":4},"end":{"line":160,"column":46}},"type":"if","locations":[{"start":{"line":160,"column":4},"end":{"line":160,"column":46}},{"start":{},"end":{}}],"line":160},"2":{"loc":{"start":{"line":160,"column":8},"end":{"line":160,"column":37}},"type":"binary-expr","locations":[{"start":{"line":160,"column":8},"end":{"line":160,"column":15}},{"start":{"line":160,"column":19},"end":{"line":160,"column":37}}],"line":160},"3":{"loc":{"start":{"line":198,"column":10},"end":{"line":201,"column":11}},"type":"if","locations":[{"start":{"line":198,"column":10},"end":{"line":201,"column":11}},{"start":{},"end":{}}],"line":198},"4":{"loc":{"start":{"line":208,"column":10},"end":{"line":209,"column":64}},"type":"if","locations":[{"start":{"line":208,"column":10},"end":{"line":209,"column":64}},{"start":{"line":209,"column":15},"end":{"line":209,"column":64}}],"line":208},"5":{"loc":{"start":{"line":209,"column":15},"end":{"line":209,"column":64}},"type":"if","locations":[{"start":{"line":209,"column":15},"end":{"line":209,"column":64}},{"start":{},"end":{}}],"line":209},"6":{"loc":{"start":{"line":211,"column":10},"end":{"line":212,"column":65}},"type":"if","locations":[{"start":{"line":211,"column":10},"end":{"line":212,"column":65}},{"start":{"line":212,"column":15},"end":{"line":212,"column":65}}],"line":211},"7":{"loc":{"start":{"line":212,"column":15},"end":{"line":212,"column":65}},"type":"if","locations":[{"start":{"line":212,"column":15},"end":{"line":212,"column":65}},{"start":{},"end":{}}],"line":212},"8":{"loc":{"start":{"line":230,"column":4},"end":{"line":230,"column":24}},"type":"if","locations":[{"start":{"line":230,"column":4},"end":{"line":230,"column":24}},{"start":{},"end":{}}],"line":230},"9":{"loc":{"start":{"line":268,"column":12},"end":{"line":272,"column":13}},"type":"if","locations":[{"start":{"line":268,"column":12},"end":{"line":272,"column":13}},{"start":{"line":270,"column":19},"end":{"line":272,"column":13}}],"line":268},"10":{"loc":{"start":{"line":278,"column":12},"end":{"line":280,"column":13}},"type":"if","locations":[{"start":{"line":278,"column":12},"end":{"line":280,"column":13}},{"start":{},"end":{}}],"line":278},"11":{"loc":{"start":{"line":328,"column":6},"end":{"line":359,"column":7}},"type":"if","locations":[{"start":{"line":328,"column":6},"end":{"line":359,"column":7}},{"start":{},"end":{}}],"line":328},"12":{"loc":{"start":{"line":334,"column":8},"end":{"line":338,"column":9}},"type":"if","locations":[{"start":{"line":334,"column":8},"end":{"line":338,"column":9}},{"start":{},"end":{}}],"line":334},"13":{"loc":{"start":{"line":341,"column":8},"end":{"line":345,"column":9}},"type":"if","locations":[{"start":{"line":341,"column":8},"end":{"line":345,"column":9}},{"start":{},"end":{}}],"line":341},"14":{"loc":{"start":{"line":348,"column":8},"end":{"line":358,"column":9}},"type":"if","locations":[{"start":{"line":348,"column":8},"end":{"line":358,"column":9}},{"start":{},"end":{}}],"line":348},"15":{"loc":{"start":{"line":348,"column":12},"end":{"line":348,"column":67}},"type":"binary-expr","locations":[{"start":{"line":348,"column":12},"end":{"line":348,"column":51}},{"start":{"line":348,"column":55},"end":{"line":348,"column":67}}],"line":348},"16":{"loc":{"start":{"line":351,"column":10},"end":{"line":354,"column":11}},"type":"if","locations":[{"start":{"line":351,"column":10},"end":{"line":354,"column":11}},{"start":{},"end":{}}],"line":351},"17":{"loc":{"start":{"line":365,"column":4},"end":{"line":380,"column":5}},"type":"if","locations":[{"start":{"line":365,"column":4},"end":{"line":380,"column":5}},{"start":{},"end":{}}],"line":365},"18":{"loc":{"start":{"line":369,"column":6},"end":{"line":372,"column":7}},"type":"if","locations":[{"start":{"line":369,"column":6},"end":{"line":372,"column":7}},{"start":{},"end":{}}],"line":369},"19":{"loc":{"start":{"line":383,"column":4},"end":{"line":400,"column":5}},"type":"if","locations":[{"start":{"line":383,"column":4},"end":{"line":400,"column":5}},{"start":{},"end":{}}],"line":383},"20":{"loc":{"start":{"line":389,"column":6},"end":{"line":392,"column":7}},"type":"if","locations":[{"start":{"line":389,"column":6},"end":{"line":392,"column":7}},{"start":{},"end":{}}],"line":389},"21":{"loc":{"start":{"line":403,"column":4},"end":{"line":418,"column":5}},"type":"if","locations":[{"start":{"line":403,"column":4},"end":{"line":418,"column":5}},{"start":{},"end":{}}],"line":403},"22":{"loc":{"start":{"line":407,"column":6},"end":{"line":410,"column":7}},"type":"if","locations":[{"start":{"line":407,"column":6},"end":{"line":410,"column":7}},{"start":{},"end":{}}],"line":407},"23":{"loc":{"start":{"line":426,"column":4},"end":{"line":429,"column":5}},"type":"if","locations":[{"start":{"line":426,"column":4},"end":{"line":429,"column":5}},{"start":{},"end":{}}],"line":426},"24":{"loc":{"start":{"line":438,"column":2},"end":{"line":441,"column":3}},"type":"if","locations":[{"start":{"line":438,"column":2},"end":{"line":441,"column":3}},{"start":{},"end":{}}],"line":438}},"s":{"0":0,"1":0,"2":0,"3":0,"4":0,"5":0,"6":0,"7":0,"8":0,"9":0,"10":0,"11":0,"12":0,"13":0,"14":0,"15":0,"16":0,"17":0,"18":0,"19":0,"20":0,"21":0,"22":0,"23":0,"24":0,"25":0,"26":0,"27":0,"28":0,"29":0,"30":0,"31":0,"32":0,"33":0,"34":0,"35":0,"36":0,"37":0,"38":0,"39":0,"40":0,"41":0,"42":0,"43":0,"44":0,"45":0,"46":0,"47":0,"48":0,"49":0,"50":0,"51":0,"52":0,"53":0,"54":0,"55":0,"56":0,"57":0,"58":0,"59":0,"60":0,"61":0,"62":0,"63":0,"64":0,"65":0,"66":0,"67":0,"68":0,"69":0,"70":0,"71":0,"72":0,"73":0,"74":0,"75":0,"76":0,"77":0,"78":0,"79":0,"80":0,"81":0,"82":0,"83":0,"84":0,"85":0,"86":0,"87":0,"88":0,"89":0,"90":0,"91":0,"92":0,"93":0,"94":0,"95":0,"96":0,"97":0,"98":0,"99":0,"100":0,"101":0,"102":0,"103":0,"104":0,"105":0,"106":0,"107":0,"108":0,"109":0,"110":0,"111":0,"112":0,"113":0,"114":0,"115":0,"116":0,"117":0,"118":0,"119":0,"120":0,"121":0,"122":0,"123":0,"124":0,"125":0,"126":0,"127":0,"128":0,"129":0,"130":0,"131":0,"132":0,"133":0,"134":0,"135":0,"136":0,"137":0,"138":0,"139":0,"140":0,"141":0,"142":0,"143":0,"144":0,"145":0,"146":0,"147":0,"148":0,"149":0,"150":0,"151":0,"152":0,"153":0,"154":0,"155":0,"156":0,"157":0,"158":0,"159":0,"160":0,"161":0,"162":0,"163":0,"164":0,"165":0,"166":0,"167":0,"168":0,"169":0,"170":0,"171":0,"172":0,"173":0,"174":0,"175":0,"176":0,"177":0,"178":0,"179":0,"180":0,"181":0,"182":0,"183":0,"184":0,"185":0,"186":0,"187":0,"188":0},"f":{"0":0,"1":0,"2":0,"3":0,"4":0,"5":0,"6":0,"7":0,"8":0,"9":0,"10":0,"11":0,"12":0,"13":0,"14":0,"15":0,"16":0,"17":0,"18":0,"19":0,"20":0,"21":0,"22":0,"23":0,"24":0,"25":0,"26":0,"27":0},"b":{"0":[0,0],"1":[0,0],"2":[0,0],"3":[0,0],"4":[0,0],"5":[0,0],"6":[0,0],"7":[0,0],"8":[0,0],"9":[0,0],"10":[0,0],"11":[0,0],"12":[0,0],"13":[0,0],"14":[0,0],"15":[0,0],"16":[0,0],"17":[0,0],"18":[0,0],"19":[0,0],"20":[0,0],"21":[0,0],"22":[0,0],"23":[0,0],"24":[0,0]}}
,"/Users/dahalsabina/Desktop/ReactNativeMobile /app/(tabs)/homePage.tsx": {"path":"/Users/dahalsabina/Desktop/ReactNativeMobile /app/(tabs)/homePage.tsx","statementMap":{"0":{"start":{"line":48,"column":17},"end":{"line":163,"column":1}},"1":{"start":{"line":53,"column":40},"end":{"line":53,"column":66}},"2":{"start":{"line":59,"column":32},"end":{"line":59,"column":47}},"3":{"start":{"line":65,"column":28},"end":{"line":65,"column":40}},"4":{"start":{"line":71,"column":18},"end":{"line":71,"column":42}},"5":{"start":{"line":84,"column":27},"end":{"line":106,"column":3}},"6":{"start":{"line":85,"column":4},"end":{"line":85,"column":21}},"7":{"start":{"line":86,"column":4},"end":{"line":86,"column":17}},"8":{"start":{"line":87,"column":4},"end":{"line":105,"column":5}},"9":{"start":{"line":88,"column":23},"end":{"line":88,"column":61}},"10":{"start":{"line":89,"column":6},"end":{"line":91,"column":7}},"11":{"start":{"line":90,"column":8},"end":{"line":90,"column":55}},"12":{"start":{"line":92,"column":19},"end":{"line":92,"column":40}},"13":{"start":{"line":95,"column":28},"end":{"line":98,"column":9}},"14":{"start":{"line":95,"column":68},"end":{"line":98,"column":7}},"15":{"start":{"line":100,"column":6},"end":{"line":100,"column":36}},"16":{"start":{"line":102,"column":6},"end":{"line":102,"column":81}},"17":{"start":{"line":104,"column":6},"end":{"line":104,"column":24}},"18":{"start":{"line":111,"column":2},"end":{"line":113,"column":9}},"19":{"start":{"line":112,"column":4},"end":{"line":112,"column":23}},"20":{"start":{"line":122,"column":27},"end":{"line":140,"column":3}},"21":{"start":{"line":123,"column":4},"end":{"line":139,"column":11}},"22":{"start":{"line":142,"column":2},"end":{"line":162,"column":4}},"23":{"start":{"line":147,"column":32},"end":{"line":147,"column":50}},"24":{"start":{"line":168,"column":15},"end":{"line":203,"column":2}}},"fnMap":{"0":{"name":"(anonymous_0)","decl":{"start":{"line":48,"column":17},"end":{"line":48,"column":18}},"loc":{"start":{"line":48,"column":23},"end":{"line":163,"column":1}},"line":48},"1":{"name":"(anonymous_1)","decl":{"start":{"line":84,"column":27},"end":{"line":84,"column":28}},"loc":{"start":{"line":84,"column":54},"end":{"line":106,"column":3}},"line":84},"2":{"name":"(anonymous_2)","decl":{"start":{"line":95,"column":37},"end":{"line":95,"column":38}},"loc":{"start":{"line":95,"column":68},"end":{"line":98,"column":7}},"line":95},"3":{"name":"(anonymous_3)","decl":{"start":{"line":111,"column":12},"end":{"line":111,"column":13}},"loc":{"start":{"line":111,"column":18},"end":{"line":113,"column":3}},"line":111},"4":{"name":"(anonymous_4)","decl":{"start":{"line":122,"column":27},"end":{"line":122,"column":28}},"loc":{"start":{"line":123,"column":4},"end":{"line":139,"column":11}},"line":123},"5":{"name":"(anonymous_5)","decl":{"start":{"line":147,"column":22},"end":{"line":147,"column":23}},"loc":{"start":{"line":147,"column":32},"end":{"line":147,"column":50}},"line":147}},"branchMap":{"0":{"loc":{"start":{"line":89,"column":6},"end":{"line":91,"column":7}},"type":"if","locations":[{"start":{"line":89,"column":6},"end":{"line":91,"column":7}},{"start":{},"end":{}}],"line":89},"1":{"loc":{"start":{"line":97,"column":12},"end":{"line":97,"column":52}},"type":"binary-expr","locations":[{"start":{"line":97,"column":12},"end":{"line":97,"column":30}},{"start":{"line":97,"column":34},"end":{"line":97,"column":52}}],"line":97},"2":{"loc":{"start":{"line":102,"column":15},"end":{"line":102,"column":79}},"type":"cond-expr","locations":[{"start":{"line":102,"column":38},"end":{"line":102,"column":49}},{"start":{"line":102,"column":52},"end":{"line":102,"column":79}}],"line":102},"3":{"loc":{"start":{"line":155,"column":15},"end":{"line":155,"column":76}},"type":"binary-expr","locations":[{"start":{"line":155,"column":15},"end":{"line":155,"column":22}},{"start":{"line":155,"column":26},"end":{"line":155,"column":76}}],"line":155},"4":{"loc":{"start":{"line":156,"column":15},"end":{"line":156,"column":69}},"type":"binary-expr","locations":[{"start":{"line":156,"column":15},"end":{"line":156,"column":20}},{"start":{"line":156,"column":24},"end":{"line":156,"column":69}}],"line":156}},"s":{"0":1,"1":21,"2":20,"3":20,"4":20,"5":20,"6":5,"7":5,"8":5,"9":5,"10":4,"11":0,"12":4,"13":3,"14":4,"15":3,"16":2,"17":5,"18":20,"19":5,"20":20,"21":8,"22":20,"23":11,"24":1},"f":{"0":21,"1":5,"2":4,"3":5,"4":8,"5":11},"b":{"0":[0,4],"1":[4,0],"2":[2,0],"3":[20,10],"4":[20,4]},"_coverageSchema":"1a1c01bbd47fc00a2c39e90264f33305004495a9","hash":"14d589059e4e151478e1240b5f16eafe34a66fe9"}
,"/Users/dahalsabina/Desktop/ReactNativeMobile /app/(tabs)/notification.tsx": {"path":"/Users/dahalsabina/Desktop/ReactNativeMobile /app/(tabs)/notification.tsx","statementMap":{"0":{"start":{"line":11,"column":42},"end":{"line":30,"column":1}},"1":{"start":{"line":32,"column":25},"end":{"line":52,"column":1}},"2":{"start":{"line":33,"column":29},"end":{"line":39,"column":3}},"3":{"start":{"line":34,"column":4},"end":{"line":38,"column":11}},"4":{"start":{"line":41,"column":2},"end":{"line":51,"column":4}},"5":{"start":{"line":47,"column":32},"end":{"line":47,"column":39}},"6":{"start":{"line":56,"column":15},"end":{"line":99,"column":2}}},"fnMap":{"0":{"name":"(anonymous_0)","decl":{"start":{"line":32,"column":25},"end":{"line":32,"column":26}},"loc":{"start":{"line":32,"column":31},"end":{"line":52,"column":1}},"line":32},"1":{"name":"(anonymous_1)","decl":{"start":{"line":33,"column":29},"end":{"line":33,"column":30}},"loc":{"start":{"line":34,"column":4},"end":{"line":38,"column":11}},"line":34},"2":{"name":"(anonymous_2)","decl":{"start":{"line":47,"column":22},"end":{"line":47,"column":23}},"loc":{"start":{"line":47,"column":32},"end":{"line":47,"column":39}},"line":47}},"branchMap":{},"s":{"0":0,"1":0,"2":0,"3":0,"4":0,"5":0,"6":0},"f":{"0":0,"1":0,"2":0},"b":{}}
,"/Users/dahalsabina/Desktop/ReactNativeMobile /app/(tabs)/profile.tsx": {"path":"/Users/dahalsabina/Desktop/ReactNativeMobile /app/(tabs)/profile.tsx","statementMap":{"0":{"start":{"line":4,"column":16},"end":{"line":30,"column":1}},"1":{"start":{"line":5,"column":2},"end":{"line":29,"column":4}},"2":{"start":{"line":34,"column":15},"end":{"line":86,"column":2}}},"fnMap":{"0":{"name":"(anonymous_0)","decl":{"start":{"line":4,"column":16},"end":{"line":4,"column":17}},"loc":{"start":{"line":4,"column":22},"end":{"line":30,"column":1}},"line":4}},"branchMap":{},"s":{"0":0,"1":0,"2":0},"f":{"0":0},"b":{}}
}
